<?xml version="1.0" encoding="utf-8" standalone="no"?>
<!--This file represents the results of running a test suite-->
<test-results name="C:\git\FluentIL\build\FluentIL.Tests.dll" total="36" errors="0" failures="0" not-run="0" inconclusive="0" ignored="0" skipped="0" invalid="0" date="2011-02-11" time="18:58:03">
  <environment nunit-version="2.5.7.10213" clr-version="4.0.30319.1" os-version="Microsoft Windows NT 6.1.7600.0" platform="Win32NT" cwd="C:\git\FluentIL" machine-name="CXJ0126" user="elemar" user-domain="PROMOB" />
  <culture-info current-culture="pt-BR" current-uiculture="pt-BR" />
  <test-suite type="Assembly" name="C:\git\FluentIL\build\FluentIL.Tests.dll" executed="True" result="Success" success="True" time="0.514" asserts="0">
    <results>
      <test-suite type="Namespace" name="FluentIL" executed="True" result="Success" success="True" time="0.501" asserts="0">
        <results>
          <test-suite type="Namespace" name="Tests" executed="True" result="Success" success="True" time="0.501" asserts="0">
            <results>
              <test-suite type="TestFixture" name="ConditionalStudies" executed="True" result="Success" success="True" time="0.390" asserts="0">
                <results>
                  <test-case name="FluentIL.Tests.ConditionalStudies.EnsureLimits_Min10Max20_Reference" executed="True" result="Success" success="True" time="0.322" asserts="0" />
                  <test-case name="FluentIL.Tests.ConditionalStudies.EnsureLimits_Min10Max20_Reference2" executed="True" result="Success" success="True" time="0.005" asserts="0" />
                  <test-case name="FluentIL.Tests.ConditionalStudies.EnsureLimits_Min10Max20_Reference3" executed="True" result="Success" success="True" time="0.007" asserts="0" />
                  <test-case name="FluentIL.Tests.ConditionalStudies.EnsureLimits_Min10Max20_Reference4" executed="True" result="Success" success="True" time="0.004" asserts="0" />
                  <test-case name="FluentIL.Tests.ConditionalStudies.EnsureLimits_Min10Max20_Reference5" executed="True" result="Success" success="True" time="0.003" asserts="0" />
                  <test-case name="FluentIL.Tests.ConditionalStudies.MultipleConditions" executed="True" result="Success" success="True" time="0.009" asserts="0" />
                  <test-case name="FluentIL.Tests.ConditionalStudies.MultipleConditions_2" executed="True" result="Success" success="True" time="0.003" asserts="0" />
                  <test-case name="FluentIL.Tests.ConditionalStudies.MultipleConditions_Reference" executed="True" result="Success" success="True" time="0.004" asserts="0" />
                  <test-case name="FluentIL.Tests.ConditionalStudies.TwoNumbersAreEquals_TrueReturnsYesFalseReturnsNo" executed="True" result="Success" success="True" time="0.003" asserts="0" />
                  <test-case name="FluentIL.Tests.ConditionalStudies.TwoNumbersAreEquals_TrueReturnsYesFalseReturnsNo_Reference" executed="True" result="Success" success="True" time="0.002" asserts="0" />
                  <test-case name="FluentIL.Tests.ConditionalStudies.TwoNumbersAreEquals_TrueReturnsYesFalseReturnsNo_Reference2" executed="True" result="Success" success="True" time="0.002" asserts="0" />
                </results>
              </test-suite>
              <test-suite type="TestFixture" name="DynamicMethodInfoTests" executed="True" result="Success" success="True" time="0.046" asserts="0">
                <results>
                  <test-case name="FluentIL.Tests.DynamicMethodInfoTests.ctor_implicitConvertionToDyamicMethod_ReturnTypeShouldBeVoid" executed="True" result="Success" success="True" time="0.003" asserts="0" />
                  <test-case name="FluentIL.Tests.DynamicMethodInfoTests.ctor_implicitConvertionToDyamicMethod_ShouldHaveNoParameters" executed="True" result="Success" success="True" time="0.017" asserts="0" />
                  <test-case name="FluentIL.Tests.DynamicMethodInfoTests.Returns_PassingAny_ShouldReturnSameValueOfBodyProperty" executed="True" result="Success" success="True" time="0.001" asserts="0" />
                  <test-case name="FluentIL.Tests.DynamicMethodInfoTests.Returns_PassingInt_ReturnTypeShouldBeInt" executed="True" result="Success" success="True" time="0.001" asserts="0" />
                  <test-case name="FluentIL.Tests.DynamicMethodInfoTests.WithParameter_OneTimePassingInt_DynamicMethodShouldHaveOneParamInt" executed="True" result="Success" success="True" time="0.003" asserts="0" />
                  <test-case name="FluentIL.Tests.DynamicMethodInfoTests.WithParameter_PassingIntAnsString_DynamicMethodShouldHaveOneParamIntAndAnotherString" executed="True" result="Success" success="True" time="0.016" asserts="0" />
                  <test-case name="FluentIL.Tests.DynamicMethodInfoTests.WithParameter_TwoTimesPassingInt_DynamicMethodShouldHaveOneParamInt" executed="True" result="Success" success="True" time="0.002" asserts="0" />
                </results>
              </test-suite>
              <test-suite type="TestFixture" name="MathStudies" executed="True" result="Success" success="True" time="0.030" asserts="0">
                <results>
                  <test-case name="FluentIL.Tests.MathStudies.MinusOnePlus40" executed="True" result="Success" success="True" time="0.001" asserts="0" />
                  <test-case name="FluentIL.Tests.MathStudies.ThreeTimesFive" executed="True" result="Success" success="True" time="0.003" asserts="0" />
                  <test-case name="FluentIL.Tests.MathStudies.TwoMulThree" executed="True" result="Success" success="True" time="0.001" asserts="0" />
                  <test-case name="FluentIL.Tests.MathStudies.TwoMulThree_2" executed="True" result="Success" success="True" time="0.001" asserts="0" />
                  <test-case name="FluentIL.Tests.MathStudies.TwoMulThree_3" executed="True" result="Success" success="True" time="0.001" asserts="0" />
                  <test-case name="FluentIL.Tests.MathStudies.TwoPlusTwo" executed="True" result="Success" success="True" time="0.002" asserts="0" />
                  <test-case name="FluentIL.Tests.MathStudies.TwoPlusTwo_2" executed="True" result="Success" success="True" time="0.003" asserts="0" />
                  <test-case name="FluentIL.Tests.MathStudies.TwoPlusTwo_3" executed="True" result="Success" success="True" time="0.002" asserts="0" />
                  <test-case name="FluentIL.Tests.MathStudies.TwoPlusTwo_4" executed="True" result="Success" success="True" time="0.001" asserts="0" />
                  <test-case name="FluentIL.Tests.MathStudies.TwoPlusTwo_Reference" executed="True" result="Success" success="True" time="0.002" asserts="0" />
                  <test-case name="FluentIL.Tests.MathStudies.TwoPlusTwoWithNamedParameters" executed="True" result="Success" success="True" time="0.001" asserts="0" />
                  <test-case name="FluentIL.Tests.MathStudies.TwoPlusTwoWithParameters" executed="True" result="Success" success="True" time="0.001" asserts="0" />
                  <test-case name="FluentIL.Tests.MathStudies.TwoPlusTwoWithParameters_2" executed="True" result="Success" success="True" time="0.001" asserts="0" />
                  <test-case name="FluentIL.Tests.MathStudies.TwoPlusTwoWithParameters_Reference" executed="True" result="Success" success="True" time="0.001" asserts="0" />
                </results>
              </test-suite>
              <test-suite type="TestFixture" name="VariableStudies" executed="True" result="Success" success="True" time="0.022" asserts="0">
                <results>
                  <test-case name="FluentIL.Tests.VariableStudies.SumOf100To1_For" executed="True" result="Success" success="True" time="0.009" asserts="0" />
                  <test-case name="FluentIL.Tests.VariableStudies.SumOf1To100" executed="True" result="Success" success="True" time="0.004" asserts="0" />
                  <test-case name="FluentIL.Tests.VariableStudies.SumOf1To100_For" executed="True" result="Success" success="True" time="0.002" asserts="0" />
                  <test-case name="FluentIL.Tests.VariableStudies.SumOf1To100_Reference" executed="True" result="Success" success="True" time="0.006" asserts="0" />
                </results>
              </test-suite>
            </results>
          </test-suite>
        </results>
      </test-suite>
    </results>
  </test-suite>
</test-results>