<?xml version="1.0" encoding="utf-8" standalone="no"?>
<!--This file represents the results of running a test suite-->
<test-results name="C:\git\FluentIL\src\FluentIL.Tests\bin\Debug\FluentIL.Tests.dll" total="1" errors="1" failures="0" not-run="0" inconclusive="0" ignored="0" skipped="0" invalid="0" date="2011-05-11" time="10:11:55">
  <environment nunit-version="2.5.9.10348" clr-version="2.0.50727.4959" os-version="Microsoft Windows NT 6.1.7600.0" platform="Win32NT" cwd="C:\Program Files (x86)\NUnit 2.5.9\bin\net-2.0" machine-name="CXJ0126" user="elemar" user-domain="PROMOB" />
  <culture-info current-culture="pt-BR" current-uiculture="pt-BR" />
  <test-suite type="Assembly" name="C:\git\FluentIL\src\FluentIL.Tests\bin\Debug\FluentIL.Tests.dll" executed="True" result="Failure" success="False" time="0.327" asserts="0">
    <results>
      <test-suite type="Namespace" name="FluentIL" executed="True" result="Failure" success="False" time="0.314" asserts="0">
        <results>
          <test-suite type="Namespace" name="Tests" executed="True" result="Failure" success="False" time="0.309" asserts="0">
            <results>
              <test-suite type="TestFixture" name="CounterStudies" executed="True" result="Failure" success="False" time="0.294" asserts="0">
                <results>
                  <test-case name="FluentIL.Tests.CounterStudies.Counter_BasicILVersion" executed="True" result="Error" success="False" time="0.283" asserts="0">
                    <failure>
                      <message><![CDATA[System.TypeLoadException : Method 'GetCurrentValue' in type 'NewType5b8aa06a-2e94-4a57-8c17-e1c5af29bf64' from assembly '__assembly__637, Version=0.0.0.0, Culture=neutral, PublicKeyToken=null' does not have an implementation.]]></message>
                      <stack-trace><![CDATA[at System.Reflection.Emit.TypeBuilder.TermCreateClass(RuntimeModule module, Int32 tk, ObjectHandleOnStack type)
at System.Reflection.Emit.TypeBuilder.CreateTypeNoLock()
at System.Reflection.Emit.TypeBuilder.CreateType()
at FluentIL.DynamicTypeInfo.get_AsType() in C:\git\FluentIL\src\FluentIL\DynamicTypeInfo.cs:line 117
at FluentIL.Tests.CounterStudies.Counter_BasicILVersion() in C:\git\FluentIL\src\FluentIL.Tests\CounterStudies.cs:line 105
]]></stack-trace>
                    </failure>
                  </test-case>
                </results>
              </test-suite>
            </results>
          </test-suite>
        </results>
      </test-suite>
    </results>
  </test-suite>
</test-results>