<?xml version="1.0" encoding="utf-8" standalone="no"?>
<!--This file represents the results of running a test suite-->
<test-results name="C:\git\FluentIL\src\FluentIL.Tests\bin\Debug\FluentIL.Tests.dll" total="1" errors="0" failures="0" not-run="0" inconclusive="0" ignored="0" skipped="0" invalid="0" date="2011-09-20" time="20:51:17">
  <environment nunit-version="2.5.9.10348" clr-version="2.0.50727.4961" os-version="Microsoft Windows NT 6.1.7600.0" platform="Win32NT" cwd="C:\Program Files (x86)\NUnit 2.5.9\bin\net-2.0" machine-name="CXJ0126" user="elemar" user-domain="PROMOB" />
  <culture-info current-culture="pt-BR" current-uiculture="pt-BR" />
  <test-suite type="Assembly" name="C:\git\FluentIL\src\FluentIL.Tests\bin\Debug\FluentIL.Tests.dll" executed="True" result="Success" success="True" time="0.020" asserts="0">
    <results>
      <test-suite type="Namespace" name="FluentIL" executed="True" result="Success" success="True" time="0.019" asserts="0">
        <results>
          <test-suite type="Namespace" name="Tests" executed="True" result="Success" success="True" time="0.017" asserts="0">
            <results>
              <test-suite type="TestFixture" name="PropertyStudies" executed="True" result="Success" success="True" time="0.015" asserts="0">
                <results>
                  <test-case name="FluentIL.Tests.PropertyStudies.EmittingTypeThatSupportsAutomaticPropertiesWithoutInterface" executed="True" result="Success" success="True" time="0.014" asserts="0" />
                </results>
              </test-suite>
            </results>
          </test-suite>
        </results>
      </test-suite>
    </results>
  </test-suite>
</test-results>