<?xml version="1.0" encoding="utf-8" standalone="no"?>
<!--This file represents the results of running a test suite-->
<test-results name="C:\git\FluentIL\demos\DynamicProxy\src\DynamicProxy.Tests\bin\Debug\DynamicProxy.Tests.dll" total="1" errors="1" failures="0" not-run="0" inconclusive="0" ignored="0" skipped="0" invalid="0" date="2011-05-13" time="09:26:27">
  <environment nunit-version="2.5.9.10348" clr-version="2.0.50727.4959" os-version="Microsoft Windows NT 6.1.7600.0" platform="Win32NT" cwd="C:\Program Files (x86)\NUnit 2.5.9\bin\net-2.0" machine-name="CXJ0126" user="elemar" user-domain="PROMOB" />
  <culture-info current-culture="pt-BR" current-uiculture="pt-BR" />
  <test-suite type="Assembly" name="C:\git\FluentIL\demos\DynamicProxy\src\DynamicProxy.Tests\bin\Debug\DynamicProxy.Tests.dll" executed="True" result="Failure" success="False" time="0.255" asserts="0">
    <results>
      <test-suite type="Namespace" name="DynamicProxy" executed="True" result="Failure" success="False" time="0.241" asserts="0">
        <results>
          <test-suite type="Namespace" name="Tests" executed="True" result="Failure" success="False" time="0.237" asserts="0">
            <results>
              <test-suite type="TestFixture" name="ProxyBuilderTests" executed="True" result="Failure" success="False" time="0.224" asserts="0">
                <results>
                  <test-case name="DynamicProxy.Tests.ProxyBuilderTests.CreateProxy_CallingMethods_CallsConcreteImplementation" executed="True" result="Error" success="False" time="0.212" asserts="0">
                    <failure>
                      <message><![CDATA[System.NotImplementedException : The method or operation is not implemented.]]></message>
                      <stack-trace><![CDATA[at NewTyped0a63818-514f-461f-9b45-88e5de885796.MethodWithNoParameters()
at DynamicProxy.Tests.ProxyBuilderTests.CreateProxy_CallingMethods_CallsConcreteImplementation() in C:\git\FluentIL\demos\DynamicProxy\src\DynamicProxy.Tests\ProxyBuilderTests.cs:line 32
]]></stack-trace>
                    </failure>
                  </test-case>
                </results>
              </test-suite>
            </results>
          </test-suite>
        </results>
      </test-suite>
    </results>
  </test-suite>
</test-results>